<?xml version="1.0" encoding="UTF-8"?>
<!-- Generated by org.testng.reporters.JUnitXMLReporter -->
<testsuite ignored="0" hostname="VAMSHI-PC" failures="0" tests="11" name="Default test" time="6.474" errors="0" timestamp="27 Mar 2022 12:30:31 GMT">
  <testcase classname="RestTesting" name="test_delete_01" time="2.22"/>
  <testcase classname="RestTesting" name="test_get_01" time="0.921"/>
  <testcase classname="RestTesting" name="test_get_02" time="0.149"/>
  <testcase classname="RestTesting" name="test_get_03" time="0.139"/>
  <testcase classname="RestTesting" name="test_get_usersList" time="0.104"/>
  <testcase classname="RestTesting" name="test_patch_01" time="0.461"/>
  <testcase classname="RestTesting" name="test_post_01" time="0.4"/>
  <testcase classname="RestTesting" name="test_post_create" time="0.406"/>
  <testcase classname="RestTesting" name="test_post_login" time="0.366"/>
  <testcase classname="RestTesting" name="test_post_register" time="0.814"/>
  <testcase classname="RestTesting" name="test_put_update" time="0.453"/>
</testsuite> <!-- Default test -->
